<?xml version="1.0"?>
<!DOCTYPE catalog PUBLIC "-//OASIS//DTD Entity Resolution XML Catalog V1.0//EN" "http://www.oasis-open.org/committees/entity/release/1.0/catalog.dtd">
<catalog xmlns="urn:oasis:names:tc:entity:xmlns:xml:catalog">
  <public publicId="ISO 8879:1986//ENTITIES Publishing//EN" uri="xml-dtd-4.2-1.0-24/ent/iso-pub.ent"/>
  <public publicId="ISO 8879:1986//ENTITIES Greek Letters//EN" uri="xml-dtd-4.2-1.0-24/ent/iso-grk1.ent"/>
  <public publicId="-//OASIS//ELEMENTS DocBook XML Information Pool V4.1.2//EN" uri="xml-dtd-4.1.2-1.0-24/dbpoolx.mod"/>
  <public publicId="ISO 8879:1986//ENTITIES Box and Line Drawing//EN" uri="xml-dtd-4.2-1.0-24/ent/iso-box.ent"/>
  <public publicId="ISO 8879:1986//ENTITIES Greek Symbols//EN" uri="xml-dtd-4.2-1.0-24/ent/iso-grk3.ent"/>
  <public publicId="ISO 8879:1986//ENTITIES Added Math Symbols: Negated Relations//EN" uri="xml-dtd-4.2-1.0-24/ent/iso-amsn.ent"/>
  <public publicId="ISO 8879:1986//ENTITIES Numeric and Special Graphic//EN" uri="xml-dtd-4.2-1.0-24/ent/iso-num.ent"/>
  <public publicId="ISO 8879:1986//ENTITIES Alternative Greek Symbols//EN" uri="xml-dtd-4.2-1.0-24/ent/iso-grk4.ent"/>
  <public publicId="ISO 8879:1986//ENTITIES Diacritical Marks//EN" uri="xml-dtd-4.2-1.0-24/ent/iso-dia.ent"/>
  <public publicId="ISO 8879:1986//ENTITIES Monotoniko Greek//EN" uri="xml-dtd-4.2-1.0-24/ent/iso-grk2.ent"/>
  <public publicId="-//OASIS//ELEMENTS DocBook XML Document Hierarchy V4.1.2//EN" uri="xml-dtd-4.1.2-1.0-24/dbhierx.mod"/>
  <public publicId="ISO 8879:1986//ENTITIES Added Math Symbols: Arrow Relations//EN" uri="xml-dtd-4.2-1.0-24/ent/iso-amsa.ent"/>
  <public publicId="ISO 8879:1986//ENTITIES Added Math Symbols: Ordinary//EN" uri="xml-dtd-4.2-1.0-24/ent/iso-amso.ent"/>
  <public publicId="ISO 8879:1986//ENTITIES Russian Cyrillic//EN" uri="xml-dtd-4.2-1.0-24/ent/iso-cyrl.ent"/>
  <public publicId="ISO 8879:1986//ENTITIES General Technical//EN" uri="xml-dtd-4.2-1.0-24/ent/iso-tech.ent"/>
  <public publicId="ISO 8879:1986//ENTITIES Added Math Symbols: Delimiters//EN" uri="xml-dtd-4.2-1.0-24/ent/iso-amsc.ent"/>
  <public publicId="ISO 8879:1986//ENTITIES Added Latin 1//EN" uri="xml-dtd-4.2-1.0-24/ent/iso-lat1.ent"/>
  <public publicId="ISO 8879:1986//ENTITIES Added Math Symbols: Binary Operators//EN" uri="xml-dtd-4.2-1.0-24/ent/iso-amsb.ent"/>
  <public publicId="ISO 8879:1986//ENTITIES Added Latin 2//EN" uri="xml-dtd-4.2-1.0-24/ent/iso-lat2.ent"/>
  <public publicId="ISO 8879:1986//ENTITIES Added Math Symbols: Relations//EN" uri="xml-dtd-4.2-1.0-24/ent/iso-amsr.ent"/>
  <public publicId="ISO 8879:1986//ENTITIES Non-Russian Cyrillic//EN" uri="xml-dtd-4.2-1.0-24/ent/iso-cyr2.ent"/>
  <group xml:base="ftp://ftp.gobosoft.com/pub/README">
    <rewriteSystem systemIdStartString="http://www.oasis-open.org/docbook/xml/4.1.2" rewritePrefix="xml-dtd-4.1.2-1.0-24"/>
    <rewriteURI uriStartString="http://www.oasis-open.org/docbook/xml/4.1.2" rewritePrefix="xml-dtd-4.1.2-1.0-24"/>
  </group>
  <public publicId="-//OASIS//ELEMENTS DocBook XML Information Pool V4.2//EN" uri="xml-dtd-4.2-1.0-24/dbpoolx.mod"/>
  <public publicId="-//OASIS//ELEMENTS DocBook XML Document Hierarchy V4.2//EN" uri="xml-dtd-4.2-1.0-24/dbhierx.mod"/>
  <rewriteSystem systemIdStartString="http://www.oasis-open.org/docbook/xml/4.2" rewritePrefix="xml-dtd-4.2-1.0-24"/>
  <rewriteURI uriStartString="http://www.oasis-open.org/docbook/xml/4.2" rewritePrefix="xml-dtd-4.2-1.0-24"/>
  <system systemId="http://www.gobosoft.com/test/system-id-one" uri="/gobo/system-id-one" xml:base="http://colina.demon.co.uk/index.html" />
  <uri name="http://www.gobosoft.com/test/system-id-one" uri="/gobo/system-id-one" xml:base="http://colina.demon.co.uk/index.html" />
</catalog>
