<?xml version="1.0"?>
<!DOCTYPE catalog PUBLIC "-//OASIS//DTD Entity Resolution XML Catalog V1.0//EN" "http://www.oasis-open.org/committees/entity/release/1.0/catalog.dtd">
<catalog xmlns="urn:oasis:names:tc:entity:xmlns:xml:catalog">
  <public publicId="-//OASIS//DTD DocBook XML V4.1.2//EN" uri="xml-dtd-4.1.2-1.0-24/docbookx.dtd"/>
  <public publicId="-//OASIS//DTD DocBook XML CALS Table Model V4.1.2//EN" uri="xml-dtd-4.1.2-1.0-24/calstblx.dtd"/>
  <public publicId="-//OASIS//DTD DocBook XML V4.2//EN" uri="xml-dtd-4.2-1.0-24/docbookx.dtd"/>
  <public publicId="-//OASIS//DTD DocBook XML CALS Table Model V4.2//EN" uri="xml-dtd-4.2-1.0-24/calstblx.dtd"/>
  <system systemId="http://www.colina.demon.co.uk/test/system-id-two" uri="/gobo/system-id-two" xml:base="ftp://colina.demon.co.uk/index.html" />
  <uri name="http://www.colina.demon.co.uk/test/system-id-two" uri="/gobo/system-id-two" xml:base="ftp://colina.demon.co.uk/index.html" />
</catalog>
