<?xml version="1.0"?>
<!DOCTYPE catalog PUBLIC "-//OASIS//DTD Entity Resolution XML Catalog V1.0//EN" "http://www.oasis-open.org/committees/entity/release/1.0/catalog.dtd">
<catalog xmlns="urn:oasis:names:tc:entity:xmlns:xml:catalog">
  <delegatePublic publicIdStartString="-//OASIS//ENTITIES DocBook XML" catalog="./test-catalog-3.xml"/>
  <delegatePublic publicIdStartString="-//OASIS//DTD DocBook XML" catalog="./test-catalog-4.xml"/>
  <delegateSystem systemIdStartString="http://www.colina.demon.co.uk/test/" catalog="./test-catalog-4.xml"/>
  <delegateUri uriStartString="http://www.colina.demon.co.uk/test/" catalog="./test-catalog-4.xml"/>
  <nextCatalog catalog="./test-catalog-2.xml" />
</catalog>
