<?xml version="1.0"?>
<!DOCTYPE catalog PUBLIC "-//OASIS//DTD Entity Resolution XML Catalog V1.0//EN" "http://www.oasis-open.org/committees/entity/release/1.0/catalog.dtd">
<catalog xmlns="urn:oasis:names:tc:entity:xmlns:xml:catalog">
  <public publicId="-//OASIS//ENTITIES DocBook XML Character Entities V4.1.2//EN" uri="xml-dtd-4.1.2-1.0-24/dbcentx.mod"/>
  <public publicId="-//OASIS//ENTITIES DocBook XML Notations V4.1.2//EN" uri="xml-dtd-4.1.2-1.0-24/dbnotnx.mod"/>
  <public publicId="-//OASIS//ENTITIES DocBook XML Additional General Entities V4.1.2//EN" uri="xml-dtd-4.1.2-1.0-24/dbgenent.mod"/>
  <public publicId="-//OASIS//ENTITIES DocBook XML Character Entities V4.2//EN" uri="xml-dtd-4.2-1.0-24/dbcentx.mod"/>
  <public publicId="-//OASIS//ENTITIES DocBook XML Notations V4.2//EN" uri="xml-dtd-4.2-1.0-24/dbnotnx.mod"/>
  <public publicId="-//OASIS//ENTITIES DocBook XML Additional General Entities V4.2//EN" uri="xml-dtd-4.2-1.0-24/dbgenent.mod"/>
</catalog>
